Feb 15, 2018 1:34:25 PM model.User registerUser
INFO: User Bruce Banner registered.
Feb 15, 2018 1:34:25 PM model.Application competenceListToDB
INFO: The list of competences for user Bruce Banner was updated.
Feb 15, 2018 1:34:25 PM model.Application availabilityListToDB
INFO: The list of availabilities for user Bruce Banner was updated.
Feb 15, 2018 1:34:25 PM model.Application registerApplication
INFO: The application for user Bruce Banner was updated.
Feb 15, 2018 1:34:26 PM model.User registerUser
INFO: User Tony Stark registered.
Feb 15, 2018 1:34:26 PM model.Application competenceListToDB
INFO: The list of competences for user Tony Stark was updated.
Feb 15, 2018 1:34:26 PM model.Application availabilityListToDB
INFO: The list of availabilities for user Tony Stark was updated.
Feb 15, 2018 1:34:26 PM model.Application registerApplication
INFO: The application for user Tony Stark was updated.
Feb 15, 2018 1:34:26 PM model.User registerUser
INFO: User Thor Odinson registered.
Feb 15, 2018 1:34:26 PM model.Application competenceListToDB
INFO: The list of competences for user Thor Odinson was updated.
Feb 15, 2018 1:34:26 PM model.Application availabilityListToDB
INFO: The list of availabilities for user Thor Odinson was updated.
Feb 15, 2018 1:34:26 PM model.Application registerApplication
INFO: The application for user Thor Odinson was updated.
Feb 15, 2018 1:34:26 PM model.Application getApplicants
INFO: All applicants fetched.
