mar 02, 2018 1:26:49 EM model.ErrorHandling$CommonException <init>
INFO: Exception thrown: SSN already exists!
mar 02, 2018 1:26:49 EM model.User registerUser
INFO: model.ErrorHandling$CommonException: SSN already exists!
mar 02, 2018 1:26:49 EM model.Application competenceListToDB
INFO: The list of competences for user Bruce Banner was updated.
mar 02, 2018 1:26:49 EM model.Application availabilityListToDB
INFO: The list of availabilities for user Bruce Banner was updated.
mar 02, 2018 1:26:49 EM model.Application registerApplication
INFO: The application for user Bruce Banner was updated.
mar 02, 2018 1:26:49 EM model.ErrorHandling$CommonException <init>
INFO: Exception thrown: SSN already exists!
mar 02, 2018 1:26:49 EM model.User registerUser
INFO: model.ErrorHandling$CommonException: SSN already exists!
mar 02, 2018 1:26:49 EM model.Application competenceListToDB
INFO: The list of competences for user Tony Stark was updated.
mar 02, 2018 1:26:49 EM model.Application availabilityListToDB
INFO: The list of availabilities for user Tony Stark was updated.
mar 02, 2018 1:26:49 EM model.Application registerApplication
INFO: The application for user Tony Stark was updated.
mar 02, 2018 1:26:49 EM model.ErrorHandling$CommonException <init>
INFO: Exception thrown: SSN already exists!
mar 02, 2018 1:26:49 EM model.User registerUser
INFO: model.ErrorHandling$CommonException: SSN already exists!
mar 02, 2018 1:26:49 EM model.Application competenceListToDB
INFO: The list of competences for user Thor Odinson was updated.
mar 02, 2018 1:26:50 EM model.Application availabilityListToDB
INFO: The list of availabilities for user Thor Odinson was updated.
mar 02, 2018 1:26:50 EM model.Application registerApplication
INFO: The application for user Thor Odinson was updated.
